# JRE version: Java(TM) SE Runtime Environment (7.0_71-b14) (build 1.7.0_71-b14)
# Java VM: Java HotSpot(TM) 64-Bit Server VM (24.71-b01 mixed mode windows-amd64 compressed oops)
Heap
 PSYoungGen      total 41472K, used 30789K [0x00000000ef480000, 0x00000000f4180000, 0x0000000100000000)
  eden space 34816K, 69% used [0x00000000ef480000,0x00000000f0c16cc0,0x00000000f1680000)
  from space 6656K, 99% used [0x00000000f3880000,0x00000000f3efa830,0x00000000f3f00000)
  to   space 2560K, 0% used [0x00000000f3f00000,0x00000000f3f00000,0x00000000f4180000)
 ParOldGen       total 22016K, used 14702K [0x00000000cde00000, 0x00000000cf380000, 0x00000000ef480000)
  object space 22016K, 66% used [0x00000000cde00000,0x00000000cec5b8d8,0x00000000cf380000)
 PSPermGen       total 32768K, used 31608K [0x00000000b5e00000, 0x00000000b7e00000, 0x00000000cde00000)
  object space 32768K, 96% used [0x00000000b5e00000,0x00000000b7cde180,0x00000000b7e00000)
GC Heap History (10 events):
Event: 11.992 GC heap after
Heap after GC invocations=4 (full 0):
 PSYoungGen      total 19456K, used 1024K [0x00000000ef480000, 0x00000000f0880000, 0x0000000100000000)
  eden space 18432K, 0% used [0x00000000ef480000,0x00000000ef480000,0x00000000f0680000)
  from space 1024K, 100% used [0x00000000f0780000,0x00000000f0880000,0x00000000f0880000)
  to   space 1024K, 0% used [0x00000000f0680000,0x00000000f0680000,0x00000000f0780000)
 ParOldGen       total 22016K, used 7368K [0x00000000cde00000, 0x00000000cf380000, 0x00000000ef480000)
  object space 22016K, 33% used [0x00000000cde00000,0x00000000ce5322e8,0x00000000cf380000)
 PSPermGen       total 32768K, used 13145K [0x00000000b5e00000, 0x00000000b7e00000, 0x00000000cde00000)
  object space 32768K, 40% used [0x00000000b5e00000,0x00000000b6ad6598,0x00000000b7e00000)
}
Event: 14.850 GC heap before
{Heap before GC invocations=5 (full 0):
 PSYoungGen      total 19456K, used 19456K [0x00000000ef480000, 0x00000000f0880000, 0x0000000100000000)
  eden space 18432K, 100% used [0x00000000ef480000,0x00000000f0680000,0x00000000f0680000)
  from space 1024K, 100% used [0x00000000f0780000,0x00000000f0880000,0x00000000f0880000)
  to   space 1024K, 0% used [0x00000000f0680000,0x00000000f0680000,0x00000000f0780000)
 ParOldGen       total 22016K, used 7368K [0x00000000cde00000, 0x00000000cf380000, 0x00000000ef480000)
  object space 22016K, 33% used [0x00000000cde00000,0x00000000ce5322e8,0x00000000cf380000)
 PSPermGen       total 32768K, used 13447K [0x00000000b5e00000, 0x00000000b7e00000, 0x00000000cde00000)
  object space 32768K, 41% used [0x00000000b5e00000,0x00000000b6b21d90,0x00000000b7e00000)
Event: 14.872 GC heap after
Heap after GC invocations=5 (full 0):
 PSYoungGen      total 19456K, used 1024K [0x00000000ef480000, 0x00000000f2080000, 0x0000000100000000)
  eden space 18432K, 0% used [0x00000000ef480000,0x00000000ef480000,0x00000000f0680000)
  from space 1024K, 100% used [0x00000000f0680000,0x00000000f0780000,0x00000000f0780000)
  to   space 4096K, 0% used [0x00000000f1c80000,0x00000000f1c80000,0x00000000f2080000)
 ParOldGen       total 22016K, used 9628K [0x00000000cde00000, 0x00000000cf380000, 0x00000000ef480000)
  object space 22016K, 43% used [0x00000000cde00000,0x00000000ce767348,0x00000000cf380000)
 PSPermGen       total 32768K, used 13447K [0x00000000b5e00000, 0x00000000b7e00000, 0x00000000cde00000)
  object space 32768K, 41% used [0x00000000b5e00000,0x00000000b6b21d90,0x00000000b7e00000)
}
Event: 16.177 GC heap before
{Heap before GC invocations=6 (full 0):
 PSYoungGen      total 19456K, used 19456K [0x00000000ef480000, 0x00000000f2080000, 0x0000000100000000)
  eden space 18432K, 100% used [0x00000000ef480000,0x00000000f0680000,0x00000000f0680000)
  from space 1024K, 100% used [0x00000000f0680000,0x00000000f0780000,0x00000000f0780000)
  to   space 4096K, 0% used [0x00000000f1c80000,0x00000000f1c80000,0x00000000f2080000)
 ParOldGen       total 22016K, used 9628K [0x00000000cde00000, 0x00000000cf380000, 0x00000000ef480000)
  object space 22016K, 43% used [0x00000000cde00000,0x00000000ce767348,0x00000000cf380000)
 PSPermGen       total 32768K, used 15625K [0x00000000b5e00000, 0x00000000b7e00000, 0x00000000cde00000)
  object space 32768K, 47% used [0x00000000b5e00000,0x00000000b6d426d8,0x00000000b7e00000)
Event: 16.192 GC heap after
Heap after GC invocations=6 (full 0):
 PSYoungGen      total 40960K, used 3104K [0x00000000ef480000, 0x00000000f2080000, 0x0000000100000000)
  eden space 36864K, 0% used [0x00000000ef480000,0x00000000ef480000,0x00000000f1880000)
  from space 4096K, 75% used [0x00000000f1c80000,0x00000000f1f88010,0x00000000f2080000)
  to   space 4096K, 0% used [0x00000000f1880000,0x00000000f1880000,0x00000000f1c80000)
 ParOldGen       total 22016K, used 9628K [0x00000000cde00000, 0x00000000cf380000, 0x00000000ef480000)
  object space 22016K, 43% used [0x00000000cde00000,0x00000000ce767348,0x00000000cf380000)
 PSPermGen       total 32768K, used 15625K [0x00000000b5e00000, 0x00000000b7e00000, 0x00000000cde00000)
  object space 32768K, 47% used [0x00000000b5e00000,0x00000000b6d426d8,0x00000000b7e00000)
}
Event: 18.252 GC heap before
{Heap before GC invocations=7 (full 0):
 PSYoungGen      total 40960K, used 39968K [0x00000000ef480000, 0x00000000f2080000, 0x0000000100000000)
  eden space 36864K, 100% used [0x00000000ef480000,0x00000000f1880000,0x00000000f1880000)
  from space 4096K, 75% used [0x00000000f1c80000,0x00000000f1f88010,0x00000000f2080000)
  to   space 4096K, 0% used [0x00000000f1880000,0x00000000f1880000,0x00000000f1c80000)
 ParOldGen       total 22016K, used 9628K [0x00000000cde00000, 0x00000000cf380000, 0x00000000ef480000)
  object space 22016K, 43% used [0x00000000cde00000,0x00000000ce767348,0x00000000cf380000)
 PSPermGen       total 32768K, used 20346K [0x00000000b5e00000, 0x00000000b7e00000, 0x00000000cde00000)
  object space 32768K, 62% used [0x00000000b5e00000,0x00000000b71de880,0x00000000b7e00000)
Event: 18.267 GC heap after
Heap after GC invocations=7 (full 0):
 PSYoungGen      total 40960K, used 4064K [0x00000000ef480000, 0x00000000f4580000, 0x0000000100000000)
  eden space 36864K, 0% used [0x00000000ef480000,0x00000000ef480000,0x00000000f1880000)
  from space 4096K, 99% used [0x00000000f1880000,0x00000000f1c78010,0x00000000f1c80000)
  to   space 4608K, 0% used [0x00000000f4100000,0x00000000f4100000,0x00000000f4580000)
 ParOldGen       total 22016K, used 10041K [0x00000000cde00000, 0x00000000cf380000, 0x00000000ef480000)
  object space 22016K, 45% used [0x00000000cde00000,0x00000000ce7ce778,0x00000000cf380000)
 PSPermGen       total 32768K, used 20346K [0x00000000b5e00000, 0x00000000b7e00000, 0x00000000cde00000)
  object space 32768K, 62% used [0x00000000b5e00000,0x00000000b71de880,0x00000000b7e00000)
}
Event: 42.433 GC heap before
{Heap before GC invocations=8 (full 0):
 PSYoungGen      total 40960K, used 40928K [0x00000000ef480000, 0x00000000f4580000, 0x0000000100000000)
  eden space 36864K, 100% used [0x00000000ef480000,0x00000000f1880000,0x00000000f1880000)
  from space 4096K, 99% used [0x00000000f1880000,0x00000000f1c78010,0x00000000f1c80000)
  to   space 4608K, 0% used [0x00000000f4100000,0x00000000f4100000,0x00000000f4580000)
 ParOldGen       total 22016K, used 10041K [0x00000000cde00000, 0x00000000cf380000, 0x00000000ef480000)
  object space 22016K, 45% used [0x00000000cde00000,0x00000000ce7ce778,0x00000000cf380000)
 PSPermGen       total 32768K, used 25230K [0x00000000b5e00000, 0x00000000b7e00000, 0x00000000cde00000)
  object space 32768K, 76% used [0x00000000b5e00000,0x00000000b76a3b68,0x00000000b7e00000)
Event: 42.455 GC heap after
Heap after GC invocations=8 (full 0):
 PSYoungGen      total 40448K, used 4592K [0x00000000ef480000, 0x00000000f4580000, 0x0000000100000000)
  eden space 35840K, 0% used [0x00000000ef480000,0x00000000ef480000,0x00000000f1780000)
  from space 4608K, 99% used [0x00000000f4100000,0x00000000f457c020,0x00000000f4580000)
  to   space 6656K, 0% used [0x00000000f3880000,0x00000000f3880000,0x00000000f3f00000)
 ParOldGen       total 22016K, used 12958K [0x00000000cde00000, 0x00000000cf380000, 0x00000000ef480000)
  object space 22016K, 58% used [0x00000000cde00000,0x00000000ceaa7bc8,0x00000000cf380000)
 PSPermGen       total 32768K, used 25230K [0x00000000b5e00000, 0x00000000b7e00000, 0x00000000cde00000)
  object space 32768K, 76% used [0x00000000b5e00000,0x00000000b76a3b68,0x00000000b7e00000)
}
Event: 56.980 GC heap before
{Heap before GC invocations=9 (full 0):
 PSYoungGen      total 40448K, used 40432K [0x00000000ef480000, 0x00000000f4580000, 0x0000000100000000)
  eden space 35840K, 100% used [0x00000000ef480000,0x00000000f1780000,0x00000000f1780000)
  from space 4608K, 99% used [0x00000000f4100000,0x00000000f457c020,0x00000000f4580000)
  to   space 6656K, 0% used [0x00000000f3880000,0x00000000f3880000,0x00000000f3f00000)
 ParOldGen       total 22016K, used 12958K [0x00000000cde00000, 0x00000000cf380000, 0x00000000ef480000)
  object space 22016K, 58% used [0x00000000cde00000,0x00000000ceaa7bc8,0x00000000cf380000)
 PSPermGen       total 32768K, used 31386K [0x00000000b5e00000, 0x00000000b7e00000, 0x00000000cde00000)
  object space 32768K, 95% used [0x00000000b5e00000,0x00000000b7ca6990,0x00000000b7e00000)

